[Exception]: возникла ошибка:
[Exception]: текст: {"error":{"error_code":100,"error_msg":"One of the parameters specified was missing or invalid: screen_name is undefined","request_params":[{"key":"method","value":"utils.resolveScreenName"},{"key":"oauth","value":"1"},{"key":"screen_name","value":""},{"key":"v","value":"5.126"},{"key":"random_id","value":"1441789572"}]}}
[Exception]: код ошибки: 100
[Exception]: файл: /home/c/ch41919/public_html/public_html/libs/simplevk-master/src/vk_api.php:230
[Exception]: путь ошибки: #0 /home/c/ch41919/public_html/public_html/libs/simplevk-master/src/vk_api.php(321): DigitalStar\vk_api\vk_api->request('utils.resolveSc...', Array)
#1 /home/c/ch41919/public_html/public_html/index.php(30): DigitalStar\vk_api\vk_api->getAlias(NULL, true)
#2 {main}
[Exception]: возникла ошибка:
[Exception]: текст: {"error":{"error_code":100,"error_msg":"One of the parameters specified was missing or invalid: screen_name is undefined","request_params":[{"key":"method","value":"utils.resolveScreenName"},{"key":"oauth","value":"1"},{"key":"screen_name","value":""},{"key":"v","value":"5.126"},{"key":"random_id","value":"299318008"}]}}
[Exception]: код ошибки: 100
[Exception]: файл: /home/c/ch41919/public_html/public_html/libs/simplevk-master/src/vk_api.php:230
[Exception]: путь ошибки: #0 /home/c/ch41919/public_html/public_html/libs/simplevk-master/src/vk_api.php(321): DigitalStar\vk_api\vk_api->request('utils.resolveSc...', Array)
#1 /home/c/ch41919/public_html/public_html/index.php(31): DigitalStar\vk_api\vk_api->getAlias(NULL, true)
#2 {main}
[Exception]: возникла ошибка:
[Exception]: текст: {"error":{"error_code":100,"error_msg":"One of the parameters specified was missing or invalid: screen_name is undefined","request_params":[{"key":"method","value":"utils.resolveScreenName"},{"key":"oauth","value":"1"},{"key":"screen_name","value":""},{"key":"v","value":"5.126"},{"key":"random_id","value":"719580335"}]}}
[Exception]: код ошибки: 100
[Exception]: файл: /home/c/ch41919/public_html/public_html/libs/simplevk-master/src/vk_api.php:230
[Exception]: путь ошибки: #0 /home/c/ch41919/public_html/public_html/libs/simplevk-master/src/vk_api.php(321): DigitalStar\vk_api\vk_api->request('utils.resolveSc...', Array)
#1 /home/c/ch41919/public_html/public_html/index.php(31): DigitalStar\vk_api\vk_api->getAlias(NULL, true)
#2 {main}
